2018-11-16 13:47:49,407 - /Users/pillar/Documents/maker/ExchangeInterface.py[line:200] - INFO: Using symbol BTC/USD.
2018-11-16 13:47:49,408 - /Users/pillar/Documents/maker/ExchangeInterface.py[line:201] - INFO: Order Manager initializing, connecting to BitMEX. Live run: executing real trades.
2018-11-16 13:47:49,408 - /Users/pillar/Documents/maker/ExchangeInterface.py[line:212] - INFO: Reset status
2018-11-16 13:47:49,409 - /Users/pillar/Documents/maker/ExchangeInterface.py[line:55] - INFO: Resetting current position. Canceling all existing orders.
2018-11-16 13:47:56,088 - /Users/pillar/Documents/maker/ExchangeInterface.py[line:230] - INFO: 当前 XBT 钱包: 0.009774
2018-11-16 13:47:57,914 - /Users/pillar/Documents/maker/ExchangeInterface.py[line:236] - INFO: 当前仓位: 0
2018-11-16 13:48:02,028 - /Users/pillar/Documents/maker/ST_ATR_Strategy.py[line:86] - DEBUG: 杠杆满仓 537.2630375
2018-11-16 13:48:04,076 - /Users/pillar/Documents/maker/ST_ATR_Strategy.py[line:97] - DEBUG: 开仓 {'info': {'orderID': '94e4e450-c717-8af6-f816-3bec0804459f', 'clOrdID': '', 'clOrdLinkID': '', 'account': 142422, 'symbol': 'XBTUSD', 'side': 'Buy', 'simpleOrderQty': None, 'orderQty': 483, 'price': 5497, 'displayQty': None, 'stopPx': None, 'pegOffsetValue': None, 'pegPriceType': '', 'currency': 'USD', 'settlCurrency': 'XBt', 'ordType': 'Limit', 'timeInForce': 'GoodTillCancel', 'execInst': '', 'contingencyType': '', 'exDestination': 'XBME', 'ordStatus': 'New', 'triggered': '', 'workingIndicator': True, 'ordRejReason': '', 'simpleLeavesQty': None, 'leavesQty': 483, 'simpleCumQty': None, 'cumQty': 0, 'avgPx': None, 'multiLegReportingType': 'SingleSecurity', 'text': 'Submitted via API.', 'transactTime': '2018-11-16T05:48:03.728Z', 'timestamp': '2018-11-16T05:48:03.728Z'}, 'id': '94e4e450-c717-8af6-f816-3bec0804459f', 'timestamp': 1542347283728, 'datetime': '2018-11-16T05:48:03.728Z', 'lastTradeTimestamp': 1542347283728, 'symbol': 'BTC/USD', 'type': 'limit', 'side': 'buy', 'price': 5497.0, 'amount': 483.0, 'cost': 0.0, 'filled': 0.0, 'remaining': 483.0, 'status': 'New', 'fee': None}
2018-11-16 13:48:04,077 - /Users/pillar/Documents/maker/ST_ATR_Strategy.py[line:104] - WARNING: 开启子线程检查订单状态
2018-11-16 13:48:09,808 - /Users/pillar/Documents/maker/ExchangeInterface.py[line:230] - INFO: 当前 XBT 钱包: 0.009774
2018-11-16 13:48:11,857 - /Users/pillar/Documents/maker/ExchangeInterface.py[line:236] - INFO: 当前仓位: 0
2018-11-16 13:48:15,954 - /Users/pillar/Documents/maker/ST_ATR_Strategy.py[line:86] - DEBUG: 杠杆满仓 537.2630375
2018-11-16 13:48:18,018 - /Users/pillar/Documents/maker/ExchangeInterface.py[line:266] - INFO: Shutting down. All open orders will be cancelled.
2018-11-16 13:48:18,019 - /Users/pillar/Documents/maker/ExchangeInterface.py[line:55] - INFO: Resetting current position. Canceling all existing orders.
2018-11-16 13:49:31,512 - /Users/pillar/Documents/maker/ExchangeInterface.py[line:200] - INFO: Using symbol BTC/USD.
2018-11-16 13:49:31,513 - /Users/pillar/Documents/maker/ExchangeInterface.py[line:201] - INFO: Order Manager initializing, connecting to BitMEX. Live run: executing real trades.
2018-11-16 13:49:31,514 - /Users/pillar/Documents/maker/ExchangeInterface.py[line:212] - INFO: Reset status
2018-11-16 13:49:31,514 - /Users/pillar/Documents/maker/ExchangeInterface.py[line:55] - INFO: Resetting current position. Canceling all existing orders.
2018-11-16 13:49:31,942 - /Users/pillar/Documents/maker/ExchangeInterface.py[line:41] - INFO: Canceling: buy 483.0 BTC/USD 5497.0
2018-11-16 13:49:43,259 - /Users/pillar/Documents/maker/ExchangeInterface.py[line:230] - INFO: 当前 XBT 钱包: 0.009774
2018-11-16 13:49:43,631 - /Users/pillar/Documents/maker/ExchangeInterface.py[line:236] - INFO: 当前仓位: 0
2018-11-16 13:49:47,908 - /Users/pillar/Documents/maker/ST_ATR_Strategy.py[line:86] - DEBUG: 杠杆满仓 537.31190625
2018-11-16 13:49:49,706 - /Users/pillar/Documents/maker/ST_ATR_Strategy.py[line:97] - DEBUG: 开仓 {'info': {'orderID': '90e28530-8559-0bfb-ca95-e142b623e68b', 'clOrdID': '', 'clOrdLinkID': '', 'account': 142422, 'symbol': 'XBTUSD', 'side': 'Buy', 'simpleOrderQty': None, 'orderQty': 483, 'price': 5497.5, 'displayQty': None, 'stopPx': None, 'pegOffsetValue': None, 'pegPriceType': '', 'currency': 'USD', 'settlCurrency': 'XBt', 'ordType': 'Limit', 'timeInForce': 'GoodTillCancel', 'execInst': '', 'contingencyType': '', 'exDestination': 'XBME', 'ordStatus': 'Filled', 'triggered': '', 'workingIndicator': False, 'ordRejReason': '', 'simpleLeavesQty': None, 'leavesQty': 0, 'simpleCumQty': None, 'cumQty': 483, 'avgPx': 5497.5, 'multiLegReportingType': 'SingleSecurity', 'text': 'Submitted via API.', 'transactTime': '2018-11-16T05:49:49.505Z', 'timestamp': '2018-11-16T05:49:49.505Z'}, 'id': '90e28530-8559-0bfb-ca95-e142b623e68b', 'timestamp': 1542347389505, 'datetime': '2018-11-16T05:49:49.505Z', 'lastTradeTimestamp': 1542347389505, 'symbol': 'BTC/USD', 'type': 'limit', 'side': 'buy', 'price': 5497.5, 'amount': 483.0, 'cost': 2655292.5, 'filled': 483.0, 'remaining': 0.0, 'status': 'Filled', 'fee': None}
2018-11-16 13:49:55,689 - /Users/pillar/Documents/maker/ExchangeInterface.py[line:230] - INFO: 当前 XBT 钱包: 0.010191
2018-11-16 13:49:57,737 - /Users/pillar/Documents/maker/ExchangeInterface.py[line:236] - INFO: 当前仓位: 483
2018-11-16 13:49:57,737 - /Users/pillar/Documents/maker/ExchangeInterface.py[line:243] - INFO: 平均成本价格: 5498
2018-11-16 13:49:57,738 - /Users/pillar/Documents/maker/ExchangeInterface.py[line:244] - INFO: 平均买入价格: 5498
2018-11-16 13:50:01,834 - /Users/pillar/Documents/maker/ST_ATR_Strategy.py[line:86] - DEBUG: 杠杆满仓 560.2425284999999
2018-11-16 13:55:06,574 - /Users/pillar/Documents/maker/ExchangeInterface.py[line:230] - INFO: 当前 XBT 钱包: 0.010051
2018-11-16 13:55:08,416 - /Users/pillar/Documents/maker/ExchangeInterface.py[line:236] - INFO: 当前仓位: 483
2018-11-16 13:55:08,417 - /Users/pillar/Documents/maker/ExchangeInterface.py[line:243] - INFO: 平均成本价格: 5498
2018-11-16 13:55:08,417 - /Users/pillar/Documents/maker/ExchangeInterface.py[line:244] - INFO: 平均买入价格: 5498
2018-11-16 13:55:12,267 - /Users/pillar/Documents/maker/ST_ATR_Strategy.py[line:86] - DEBUG: 杠杆满仓 552.5421802500001
2018-11-16 14:00:12,292 - /Users/pillar/Documents/maker/ExchangeInterface.py[line:261] - INFO: Restarting the market maker...
2018-11-16 14:27:56,772 - /Users/pillar/Documents/maker/ExchangeInterface.py[line:200] - INFO: Using symbol BTC/USD.
2018-11-16 14:27:56,773 - /Users/pillar/Documents/maker/ExchangeInterface.py[line:201] - INFO: Order Manager initializing, connecting to BitMEX. Live run: executing real trades.
2018-11-16 14:27:56,774 - /Users/pillar/Documents/maker/ExchangeInterface.py[line:212] - INFO: Reset status
2018-11-16 14:27:56,774 - /Users/pillar/Documents/maker/ExchangeInterface.py[line:55] - INFO: Resetting current position. Canceling all existing orders.
2018-11-16 14:28:20,827 - /Users/pillar/Documents/maker/ExchangeInterface.py[line:266] - INFO: Shutting down. All open orders will be cancelled.
2018-11-16 14:28:20,828 - /Users/pillar/Documents/maker/ExchangeInterface.py[line:55] - INFO: Resetting current position. Canceling all existing orders.
2018-11-16 14:33:35,492 - /Users/pillar/Documents/maker/ExchangeInterface.py[line:200] - INFO: Using symbol BTC/USD.
2018-11-16 14:33:35,493 - /Users/pillar/Documents/maker/ExchangeInterface.py[line:201] - INFO: Order Manager initializing, connecting to BitMEX. Live run: executing real trades.
2018-11-16 14:33:35,493 - /Users/pillar/Documents/maker/ExchangeInterface.py[line:212] - INFO: Reset status
2018-11-16 14:33:35,494 - /Users/pillar/Documents/maker/ExchangeInterface.py[line:55] - INFO: Resetting current position. Canceling all existing orders.
2018-11-16 14:33:42,033 - /Users/pillar/Documents/maker/ExchangeInterface.py[line:230] - INFO: 当前 XBT 钱包: 0.010249
2018-11-16 14:33:44,036 - /Users/pillar/Documents/maker/ExchangeInterface.py[line:236] - INFO: 当前仓位: 483
2018-11-16 14:33:44,037 - /Users/pillar/Documents/maker/ExchangeInterface.py[line:243] - INFO: 平均成本价格: 5498
2018-11-16 14:33:44,037 - /Users/pillar/Documents/maker/ExchangeInterface.py[line:244] - INFO: 平均买入价格: 5498
2018-11-16 14:33:48,057 - /Users/pillar/Documents/maker/ST_ATR_Strategy.py[line:96] - DEBUG: 杠杆满仓 563.6338559
2018-11-16 14:33:54,115 - /Users/pillar/Documents/maker/ExchangeInterface.py[line:230] - INFO: 当前 XBT 钱包: 0.010249
2018-11-16 14:33:55,958 - /Users/pillar/Documents/maker/ExchangeInterface.py[line:236] - INFO: 当前仓位: 483
2018-11-16 14:33:55,958 - /Users/pillar/Documents/maker/ExchangeInterface.py[line:243] - INFO: 平均成本价格: 5498
2018-11-16 14:33:55,958 - /Users/pillar/Documents/maker/ExchangeInterface.py[line:244] - INFO: 平均买入价格: 5498
2018-11-16 14:34:00,056 - /Users/pillar/Documents/maker/ST_ATR_Strategy.py[line:96] - DEBUG: 杠杆满仓 563.6851
2018-11-16 14:34:06,282 - /Users/pillar/Documents/maker/ExchangeInterface.py[line:266] - INFO: Shutting down. All open orders will be cancelled.
2018-11-16 14:34:06,282 - /Users/pillar/Documents/maker/ExchangeInterface.py[line:55] - INFO: Resetting current position. Canceling all existing orders.
2018-11-16 14:34:42,119 - /Users/pillar/Documents/maker/ExchangeInterface.py[line:200] - INFO: Using symbol BTC/USD.
2018-11-16 14:34:42,121 - /Users/pillar/Documents/maker/ExchangeInterface.py[line:201] - INFO: Order Manager initializing, connecting to BitMEX. Live run: executing real trades.
2018-11-16 14:34:42,121 - /Users/pillar/Documents/maker/ExchangeInterface.py[line:212] - INFO: Reset status
2018-11-16 14:34:42,121 - /Users/pillar/Documents/maker/ExchangeInterface.py[line:55] - INFO: Resetting current position. Canceling all existing orders.
2018-11-16 14:34:48,797 - /Users/pillar/Documents/maker/ExchangeInterface.py[line:230] - INFO: 当前 XBT 钱包: 0.010249
2018-11-16 14:34:50,639 - /Users/pillar/Documents/maker/ExchangeInterface.py[line:236] - INFO: 当前仓位: 483
2018-11-16 14:34:50,640 - /Users/pillar/Documents/maker/ExchangeInterface.py[line:243] - INFO: 平均成本价格: 5498
2018-11-16 14:34:50,640 - /Users/pillar/Documents/maker/ExchangeInterface.py[line:244] - INFO: 平均买入价格: 5498
2018-11-16 14:34:54,530 - /Users/pillar/Documents/maker/ST_ATR_Strategy.py[line:95] - DEBUG: 杠杆满仓 563.1538
2018-11-16 14:34:56,010 - /Users/pillar/Documents/maker/ExchangeInterface.py[line:266] - INFO: Shutting down. All open orders will be cancelled.
2018-11-16 14:34:56,010 - /Users/pillar/Documents/maker/ExchangeInterface.py[line:55] - INFO: Resetting current position. Canceling all existing orders.
2018-11-16 14:36:09,426 - /Users/pillar/Documents/maker/ExchangeInterface.py[line:200] - INFO: Using symbol BTC/USD.
2018-11-16 14:36:09,427 - /Users/pillar/Documents/maker/ExchangeInterface.py[line:201] - INFO: Order Manager initializing, connecting to BitMEX. Live run: executing real trades.
2018-11-16 14:36:09,428 - /Users/pillar/Documents/maker/ExchangeInterface.py[line:212] - INFO: Reset status
2018-11-16 14:36:09,428 - /Users/pillar/Documents/maker/ExchangeInterface.py[line:55] - INFO: Resetting current position. Canceling all existing orders.
2018-11-16 14:36:16,041 - /Users/pillar/Documents/maker/ExchangeInterface.py[line:230] - INFO: 当前 XBT 钱包: 0.010254
2018-11-16 14:36:18,089 - /Users/pillar/Documents/maker/ExchangeInterface.py[line:236] - INFO: 当前仓位: 483
2018-11-16 14:36:18,092 - /Users/pillar/Documents/maker/ExchangeInterface.py[line:243] - INFO: 平均成本价格: 5498
2018-11-16 14:36:18,092 - /Users/pillar/Documents/maker/ExchangeInterface.py[line:244] - INFO: 平均买入价格: 5498
2018-11-16 14:36:41,803 - /Users/pillar/Documents/maker/ExchangeInterface.py[line:266] - INFO: Shutting down. All open orders will be cancelled.
2018-11-16 14:36:41,804 - /Users/pillar/Documents/maker/ExchangeInterface.py[line:55] - INFO: Resetting current position. Canceling all existing orders.
2018-11-16 14:36:51,732 - /Users/pillar/Documents/maker/ExchangeInterface.py[line:200] - INFO: Using symbol BTC/USD.
2018-11-16 14:36:51,732 - /Users/pillar/Documents/maker/ExchangeInterface.py[line:201] - INFO: Order Manager initializing, connecting to BitMEX. Live run: executing real trades.
2018-11-16 14:36:51,733 - /Users/pillar/Documents/maker/ExchangeInterface.py[line:212] - INFO: Reset status
2018-11-16 14:36:51,733 - /Users/pillar/Documents/maker/ExchangeInterface.py[line:55] - INFO: Resetting current position. Canceling all existing orders.
2018-11-16 14:36:58,228 - /Users/pillar/Documents/maker/ExchangeInterface.py[line:230] - INFO: 当前 XBT 钱包: 0.010234
2018-11-16 14:37:00,142 - /Users/pillar/Documents/maker/ExchangeInterface.py[line:236] - INFO: 当前仓位: 483
2018-11-16 14:37:00,142 - /Users/pillar/Documents/maker/ExchangeInterface.py[line:243] - INFO: 平均成本价格: 5498
2018-11-16 14:37:00,142 - /Users/pillar/Documents/maker/ExchangeInterface.py[line:244] - INFO: 平均买入价格: 5498
2018-11-16 14:37:23,136 - /Users/pillar/Documents/maker/ExchangeInterface.py[line:266] - INFO: Shutting down. All open orders will be cancelled.
2018-11-16 14:37:23,137 - /Users/pillar/Documents/maker/ExchangeInterface.py[line:55] - INFO: Resetting current position. Canceling all existing orders.
2018-11-16 14:38:09,307 - /Users/pillar/Documents/maker/ExchangeInterface.py[line:200] - INFO: Using symbol BTC/USD.
2018-11-16 14:38:09,308 - /Users/pillar/Documents/maker/ExchangeInterface.py[line:201] - INFO: Order Manager initializing, connecting to BitMEX. Live run: executing real trades.
2018-11-16 14:38:09,308 - /Users/pillar/Documents/maker/ExchangeInterface.py[line:212] - INFO: Reset status
2018-11-16 14:38:09,308 - /Users/pillar/Documents/maker/ExchangeInterface.py[line:55] - INFO: Resetting current position. Canceling all existing orders.
2018-11-16 14:38:15,696 - /Users/pillar/Documents/maker/ExchangeInterface.py[line:230] - INFO: 当前 XBT 钱包: 0.010230
2018-11-16 14:38:17,717 - /Users/pillar/Documents/maker/ExchangeInterface.py[line:236] - INFO: 当前仓位: 483
2018-11-16 14:38:17,718 - /Users/pillar/Documents/maker/ExchangeInterface.py[line:243] - INFO: 平均成本价格: 5498
2018-11-16 14:38:17,719 - /Users/pillar/Documents/maker/ExchangeInterface.py[line:244] - INFO: 平均买入价格: 5498
2018-11-16 14:38:30,798 - /Users/pillar/Documents/maker/ExchangeInterface.py[line:230] - INFO: 当前 XBT 钱包: 0.010230
2018-11-16 14:38:32,642 - /Users/pillar/Documents/maker/ExchangeInterface.py[line:236] - INFO: 当前仓位: 483
2018-11-16 14:38:32,642 - /Users/pillar/Documents/maker/ExchangeInterface.py[line:243] - INFO: 平均成本价格: 5498
2018-11-16 14:38:32,642 - /Users/pillar/Documents/maker/ExchangeInterface.py[line:244] - INFO: 平均买入价格: 5498
2018-11-16 16:07:00,997 - /Users/pillar/Documents/maker/ExchangeInterface.py[line:205] - INFO: Using symbol BTC/USD.
2018-11-16 16:07:00,999 - /Users/pillar/Documents/maker/ExchangeInterface.py[line:206] - INFO: Order Manager initializing, connecting to BitMEX. Live run: executing real trades.
2018-11-16 16:07:01,000 - /Users/pillar/Documents/maker/ExchangeInterface.py[line:217] - INFO: Reset status
2018-11-16 16:07:05,513 - /Users/pillar/Documents/maker/ExchangeInterface.py[line:235] - INFO: 当前 XBT 钱包: 0.010022
2018-11-16 16:07:07,423 - /Users/pillar/Documents/maker/ExchangeInterface.py[line:241] - INFO: 当前仓位: 483
2018-11-16 16:07:07,423 - /Users/pillar/Documents/maker/ExchangeInterface.py[line:248] - INFO: 平均成本价格: 5498
2018-11-16 16:07:07,424 - /Users/pillar/Documents/maker/ExchangeInterface.py[line:249] - INFO: 平均买入价格: 5498
2018-11-16 16:07:11,520 - /Users/pillar/Documents/maker/ST_ATR_Strategy.py[line:127] - DEBUG: 杠杆满仓 547.74202555
2018-11-16 16:08:32,248 - /Users/pillar/Documents/maker/ExchangeInterface.py[line:271] - INFO: Shutting down. All open orders will be cancelled.
2018-11-16 16:08:32,251 - /Users/pillar/Documents/maker/ExchangeInterface.py[line:55] - INFO: Resetting current position. Canceling all existing orders.
2018-11-16 16:08:32,841 - /Users/pillar/Documents/maker/ExchangeInterface.py[line:41] - INFO: Canceling: sell 483.0 BTC/USD 5535.0
2018-11-16 16:08:43,102 - /Users/pillar/Documents/maker/ExchangeInterface.py[line:205] - INFO: Using symbol BTC/USD.
2018-11-16 16:08:43,106 - /Users/pillar/Documents/maker/ExchangeInterface.py[line:206] - INFO: Order Manager initializing, connecting to BitMEX. Live run: executing real trades.
2018-11-16 16:08:43,107 - /Users/pillar/Documents/maker/ExchangeInterface.py[line:217] - INFO: Reset status
2018-11-16 16:08:47,479 - /Users/pillar/Documents/maker/ExchangeInterface.py[line:235] - INFO: 当前 XBT 钱包: 0.010085
2018-11-16 16:08:49,490 - /Users/pillar/Documents/maker/ExchangeInterface.py[line:241] - INFO: 当前仓位: 483
2018-11-16 16:08:49,491 - /Users/pillar/Documents/maker/ExchangeInterface.py[line:248] - INFO: 平均成本价格: 5498
2018-11-16 16:08:49,491 - /Users/pillar/Documents/maker/ExchangeInterface.py[line:249] - INFO: 平均买入价格: 5498
2018-11-16 16:08:53,478 - /Users/pillar/Documents/maker/ST_ATR_Strategy.py[line:127] - DEBUG: 杠杆满仓 552.6102637
2018-11-16 16:10:42,089 - /Users/pillar/Documents/maker/ExchangeInterface.py[line:271] - INFO: Shutting down. All open orders will be cancelled.
2018-11-16 16:10:42,089 - /Users/pillar/Documents/maker/ExchangeInterface.py[line:55] - INFO: Resetting current position. Canceling all existing orders.
2018-11-16 16:12:02,443 - /Users/pillar/Documents/maker/ExchangeInterface.py[line:205] - INFO: Using symbol BTC/USD.
2018-11-16 16:12:02,444 - /Users/pillar/Documents/maker/ExchangeInterface.py[line:206] - INFO: Order Manager initializing, connecting to BitMEX. Live run: executing real trades.
2018-11-16 16:12:02,444 - /Users/pillar/Documents/maker/ExchangeInterface.py[line:217] - INFO: Reset status
2018-11-16 16:12:06,842 - /Users/pillar/Documents/maker/ExchangeInterface.py[line:235] - INFO: 当前 XBT 钱包: 0.010051
2018-11-16 16:12:08,891 - /Users/pillar/Documents/maker/ExchangeInterface.py[line:241] - INFO: 当前仓位: 483
2018-11-16 16:12:08,891 - /Users/pillar/Documents/maker/ExchangeInterface.py[line:248] - INFO: 平均成本价格: 5498
2018-11-16 16:12:08,891 - /Users/pillar/Documents/maker/ExchangeInterface.py[line:249] - INFO: 平均买入价格: 5498
2018-11-16 16:12:12,990 - /Users/pillar/Documents/maker/ST_ATR_Strategy.py[line:127] - DEBUG: 杠杆满仓 551.26235775
2018-11-16 16:14:29,032 - /Users/pillar/Documents/maker/ExchangeInterface.py[line:205] - INFO: Using symbol BTC/USD.
2018-11-16 16:14:29,032 - /Users/pillar/Documents/maker/ExchangeInterface.py[line:206] - INFO: Order Manager initializing, connecting to BitMEX. Live run: executing real trades.
2018-11-16 16:14:29,033 - /Users/pillar/Documents/maker/ExchangeInterface.py[line:217] - INFO: Reset status
2018-11-16 16:14:33,423 - /Users/pillar/Documents/maker/ExchangeInterface.py[line:235] - INFO: 当前 XBT 钱包: 0.010036
2018-11-16 16:14:35,434 - /Users/pillar/Documents/maker/ExchangeInterface.py[line:241] - INFO: 当前仓位: 483
2018-11-16 16:14:35,434 - /Users/pillar/Documents/maker/ExchangeInterface.py[line:248] - INFO: 平均成本价格: 5498
2018-11-16 16:14:35,435 - /Users/pillar/Documents/maker/ExchangeInterface.py[line:249] - INFO: 平均买入价格: 5498
2018-11-16 16:14:39,449 - /Users/pillar/Documents/maker/ST_ATR_Strategy.py[line:127] - DEBUG: 杠杆满仓 549.5877879999999
2018-11-16 16:19:14,952 - /Users/pillar/Documents/maker/ExchangeInterface.py[line:271] - INFO: Shutting down. All open orders will be cancelled.
2018-11-16 16:19:27,567 - /Users/pillar/Documents/maker/ExchangeInterface.py[line:205] - INFO: Using symbol BTC/USD.
2018-11-16 16:19:27,568 - /Users/pillar/Documents/maker/ExchangeInterface.py[line:206] - INFO: Order Manager initializing, connecting to BitMEX. Live run: executing real trades.
2018-11-16 16:19:27,568 - /Users/pillar/Documents/maker/ExchangeInterface.py[line:217] - INFO: Reset status
2018-11-16 16:19:31,950 - /Users/pillar/Documents/maker/ExchangeInterface.py[line:235] - INFO: 当前 XBT 钱包: 0.009974
2018-11-16 16:19:34,127 - /Users/pillar/Documents/maker/ExchangeInterface.py[line:241] - INFO: 当前仓位: 483
2018-11-16 16:19:34,128 - /Users/pillar/Documents/maker/ExchangeInterface.py[line:248] - INFO: 平均成本价格: 5498
2018-11-16 16:19:34,129 - /Users/pillar/Documents/maker/ExchangeInterface.py[line:249] - INFO: 平均买入价格: 5498
2018-11-16 16:19:38,017 - /Users/pillar/Documents/maker/ST_ATR_Strategy.py[line:128] - DEBUG: 杠杆满仓 546.3833508
2018-11-16 16:30:30,314 - /Users/pillar/Documents/maker/ExchangeInterface.py[line:205] - INFO: Using symbol BTC/USD.
2018-11-16 16:30:30,316 - /Users/pillar/Documents/maker/ExchangeInterface.py[line:206] - INFO: Order Manager initializing, connecting to BitMEX. Live run: executing real trades.
2018-11-16 16:30:30,316 - /Users/pillar/Documents/maker/ExchangeInterface.py[line:217] - INFO: Reset status
2018-11-16 16:30:34,705 - /Users/pillar/Documents/maker/ExchangeInterface.py[line:235] - INFO: 当前 XBT 钱包: 0.009294
2018-11-16 16:30:36,854 - /Users/pillar/Documents/maker/ExchangeInterface.py[line:241] - INFO: 当前仓位: 0
2018-11-16 16:30:40,742 - /Users/pillar/Documents/maker/ST_ATR_Strategy.py[line:130] - DEBUG: 杠杆满仓 508.93670199999997
2018-11-16 16:30:42,790 - /Users/pillar/Documents/maker/ST_ATR_Strategy.py[line:141] - DEBUG: 开仓 {'info': {'orderID': '03dd40d9-0f16-3ea3-643b-fb4e4fed09f1', 'clOrdID': '', 'clOrdLinkID': '', 'account': 142422, 'symbol': 'XBTUSD', 'side': 'Buy', 'simpleOrderQty': None, 'orderQty': 458, 'price': 5476, 'displayQty': None, 'stopPx': None, 'pegOffsetValue': None, 'pegPriceType': '', 'currency': 'USD', 'settlCurrency': 'XBt', 'ordType': 'Limit', 'timeInForce': 'GoodTillCancel', 'execInst': '', 'contingencyType': '', 'exDestination': 'XBME', 'ordStatus': 'New', 'triggered': '', 'workingIndicator': True, 'ordRejReason': '', 'simpleLeavesQty': None, 'leavesQty': 458, 'simpleCumQty': None, 'cumQty': 0, 'avgPx': None, 'multiLegReportingType': 'SingleSecurity', 'text': 'Submitted via API.', 'transactTime': '2018-11-16T08:30:42.541Z', 'timestamp': '2018-11-16T08:30:42.541Z'}, 'id': '03dd40d9-0f16-3ea3-643b-fb4e4fed09f1', 'timestamp': 1542357042541, 'datetime': '2018-11-16T08:30:42.541Z', 'lastTradeTimestamp': 1542357042541, 'symbol': 'BTC/USD', 'type': 'limit', 'side': 'buy', 'price': 5476.0, 'amount': 458.0, 'cost': 0.0, 'filled': 0.0, 'remaining': 458.0, 'status': 'New', 'fee': None}
2018-11-16 16:30:52,802 - /Users/pillar/Documents/maker/ST_ATR_Strategy.py[line:80] - DEBUG: Check_Orders_Thread is running
2018-11-16 16:30:52,804 - /Users/pillar/Documents/maker/ST_ATR_Strategy.py[line:80] - DEBUG: Check_Orders_Thread is running
2018-11-16 16:31:03,242 - /Users/pillar/Documents/maker/ST_ATR_Strategy.py[line:80] - DEBUG: Check_Orders_Thread is running
2018-11-16 16:31:05,293 - /Users/pillar/Documents/maker/ST_ATR_Strategy.py[line:80] - DEBUG: Check_Orders_Thread is running
2018-11-16 16:31:13,633 - /Users/pillar/Documents/maker/ST_ATR_Strategy.py[line:80] - DEBUG: Check_Orders_Thread is running
2018-11-16 16:31:15,731 - /Users/pillar/Documents/maker/ST_ATR_Strategy.py[line:80] - DEBUG: Check_Orders_Thread is running
2018-11-16 16:31:24,130 - /Users/pillar/Documents/maker/ST_ATR_Strategy.py[line:80] - DEBUG: Check_Orders_Thread is running
2018-11-16 16:31:26,176 - /Users/pillar/Documents/maker/ST_ATR_Strategy.py[line:80] - DEBUG: Check_Orders_Thread is running
2018-11-16 16:31:34,528 - /Users/pillar/Documents/maker/ST_ATR_Strategy.py[line:80] - DEBUG: Check_Orders_Thread is running
2018-11-16 16:31:36,778 - /Users/pillar/Documents/maker/ST_ATR_Strategy.py[line:80] - DEBUG: Check_Orders_Thread is running
2018-11-16 16:31:45,022 - /Users/pillar/Documents/maker/ST_ATR_Strategy.py[line:80] - DEBUG: Check_Orders_Thread is running
2018-11-16 16:31:47,273 - /Users/pillar/Documents/maker/ST_ATR_Strategy.py[line:80] - DEBUG: Check_Orders_Thread is running
2018-11-16 16:31:55,430 - /Users/pillar/Documents/maker/ST_ATR_Strategy.py[line:80] - DEBUG: Check_Orders_Thread is running
2018-11-16 16:31:57,656 - /Users/pillar/Documents/maker/ST_ATR_Strategy.py[line:80] - DEBUG: Check_Orders_Thread is running
2018-11-16 16:32:05,809 - /Users/pillar/Documents/maker/ST_ATR_Strategy.py[line:80] - DEBUG: Check_Orders_Thread is running
2018-11-16 16:32:08,161 - /Users/pillar/Documents/maker/ST_ATR_Strategy.py[line:80] - DEBUG: Check_Orders_Thread is running
2018-11-16 16:32:16,214 - /Users/pillar/Documents/maker/ST_ATR_Strategy.py[line:80] - DEBUG: Check_Orders_Thread is running
2018-11-16 16:32:18,605 - /Users/pillar/Documents/maker/ST_ATR_Strategy.py[line:80] - DEBUG: Check_Orders_Thread is running
2018-11-16 16:32:26,609 - /Users/pillar/Documents/maker/ST_ATR_Strategy.py[line:80] - DEBUG: Check_Orders_Thread is running
2018-11-16 16:32:29,048 - /Users/pillar/Documents/maker/ST_ATR_Strategy.py[line:80] - DEBUG: Check_Orders_Thread is running
2018-11-16 16:32:37,196 - /Users/pillar/Documents/maker/ST_ATR_Strategy.py[line:80] - DEBUG: Check_Orders_Thread is running
2018-11-16 16:32:39,695 - /Users/pillar/Documents/maker/ST_ATR_Strategy.py[line:80] - DEBUG: Check_Orders_Thread is running
2018-11-16 16:32:47,691 - /Users/pillar/Documents/maker/ST_ATR_Strategy.py[line:80] - DEBUG: Check_Orders_Thread is running
2018-11-16 16:32:50,710 - /Users/pillar/Documents/maker/ST_ATR_Strategy.py[line:80] - DEBUG: Check_Orders_Thread is running
2018-11-16 16:32:52,223 - /Users/pillar/Documents/maker/ST_ATR_Strategy.py[line:96] - DEBUG: 修改过后的 订单信息{'info': {'orderID': 'd817d79b-87b1-efe7-bc6a-efe882f3dc7c', 'clOrdID': '', 'clOrdLinkID': '', 'account': 142422, 'symbol': 'XBTUSD', 'side': 'Buy', 'simpleOrderQty': None, 'orderQty': 10, 'price': 5476, 'displayQty': None, 'stopPx': None, 'pegOffsetValue': None, 'pegPriceType': '', 'currency': 'USD', 'settlCurrency': 'XBt', 'ordType': 'Limit', 'timeInForce': 'GoodTillCancel', 'execInst': '', 'contingencyType': '', 'exDestination': 'XBME', 'ordStatus': 'New', 'triggered': '', 'workingIndicator': True, 'ordRejReason': '', 'simpleLeavesQty': None, 'leavesQty': 10, 'simpleCumQty': None, 'cumQty': 0, 'avgPx': None, 'multiLegReportingType': 'SingleSecurity', 'text': 'Amended price: Amended via API.\nSubmission from testnet.bitmex.com', 'transactTime': '2018-11-16T08:32:52.026Z', 'timestamp': '2018-11-16T08:32:52.026Z'}, 'id': 'd817d79b-87b1-efe7-bc6a-efe882f3dc7c', 'timestamp': 1542357172026, 'datetime': '2018-11-16T08:32:52.026Z', 'lastTradeTimestamp': 1542357172026, 'symbol': 'BTC/USD', 'type': 'limit', 'side': 'buy', 'price': 5476.0, 'amount': 10.0, 'cost': 0.0, 'filled': 0.0, 'remaining': 10.0, 'status': 'New', 'fee': None}
2018-11-16 16:33:02,229 - /Users/pillar/Documents/maker/ST_ATR_Strategy.py[line:80] - DEBUG: Check_Orders_Thread is running
2018-11-16 16:33:12,673 - /Users/pillar/Documents/maker/ST_ATR_Strategy.py[line:80] - DEBUG: Check_Orders_Thread is running
2018-11-16 16:33:23,062 - /Users/pillar/Documents/maker/ST_ATR_Strategy.py[line:80] - DEBUG: Check_Orders_Thread is running
2018-11-16 16:33:33,565 - /Users/pillar/Documents/maker/ST_ATR_Strategy.py[line:80] - DEBUG: Check_Orders_Thread is running
2018-11-16 16:33:43,956 - /Users/pillar/Documents/maker/ST_ATR_Strategy.py[line:80] - DEBUG: Check_Orders_Thread is running
2018-11-16 16:33:54,325 - /Users/pillar/Documents/maker/ST_ATR_Strategy.py[line:80] - DEBUG: Check_Orders_Thread is running
2018-11-16 16:34:04,897 - /Users/pillar/Documents/maker/ST_ATR_Strategy.py[line:80] - DEBUG: Check_Orders_Thread is running
2018-11-16 16:34:15,435 - /Users/pillar/Documents/maker/ST_ATR_Strategy.py[line:80] - DEBUG: Check_Orders_Thread is running
2018-11-16 16:34:25,993 - /Users/pillar/Documents/maker/ST_ATR_Strategy.py[line:80] - DEBUG: Check_Orders_Thread is running
2018-11-16 16:34:36,369 - /Users/pillar/Documents/maker/ST_ATR_Strategy.py[line:80] - DEBUG: Check_Orders_Thread is running
2018-11-16 16:34:46,758 - /Users/pillar/Documents/maker/ST_ATR_Strategy.py[line:80] - DEBUG: Check_Orders_Thread is running
2018-11-16 16:34:57,140 - /Users/pillar/Documents/maker/ST_ATR_Strategy.py[line:80] - DEBUG: Check_Orders_Thread is running
2018-11-16 16:35:01,530 - /Users/pillar/Documents/maker/ST_ATR_Strategy.py[line:96] - DEBUG: 修改过后的 订单信息{'info': {'orderID': 'd817d79b-87b1-efe7-bc6a-efe882f3dc7c', 'clOrdID': '', 'clOrdLinkID': '', 'account': 142422, 'symbol': 'XBTUSD', 'side': 'Buy', 'simpleOrderQty': None, 'orderQty': 10, 'price': 5476, 'displayQty': None, 'stopPx': None, 'pegOffsetValue': None, 'pegPriceType': '', 'currency': 'USD', 'settlCurrency': 'XBt', 'ordType': 'Limit', 'timeInForce': 'GoodTillCancel', 'execInst': '', 'contingencyType': '', 'exDestination': 'XBME', 'ordStatus': 'New', 'triggered': '', 'workingIndicator': True, 'ordRejReason': '', 'simpleLeavesQty': None, 'leavesQty': 10, 'simpleCumQty': None, 'cumQty': 0, 'avgPx': None, 'multiLegReportingType': 'SingleSecurity', 'text': 'Amended price: Amended via API.\nSubmission from testnet.bitmex.com', 'transactTime': '2018-11-16T08:32:52.026Z', 'timestamp': '2018-11-16T08:35:01.353Z'}, 'id': 'd817d79b-87b1-efe7-bc6a-efe882f3dc7c', 'timestamp': 1542357301353, 'datetime': '2018-11-16T08:35:01.353Z', 'lastTradeTimestamp': 1542357172026, 'symbol': 'BTC/USD', 'type': 'limit', 'side': 'buy', 'price': 5476.0, 'amount': 10.0, 'cost': 0.0, 'filled': 0.0, 'remaining': 10.0, 'status': 'New', 'fee': None}
2018-11-16 16:35:11,537 - /Users/pillar/Documents/maker/ST_ATR_Strategy.py[line:80] - DEBUG: Check_Orders_Thread is running
2018-11-16 16:35:22,107 - /Users/pillar/Documents/maker/ST_ATR_Strategy.py[line:80] - DEBUG: Check_Orders_Thread is running
2018-11-16 16:35:32,569 - /Users/pillar/Documents/maker/ST_ATR_Strategy.py[line:80] - DEBUG: Check_Orders_Thread is running
2018-11-16 16:35:42,991 - /Users/pillar/Documents/maker/ST_ATR_Strategy.py[line:80] - DEBUG: Check_Orders_Thread is running
2018-11-16 16:35:53,439 - /Users/pillar/Documents/maker/ST_ATR_Strategy.py[line:80] - DEBUG: Check_Orders_Thread is running
2018-11-16 16:36:32,799 - /Users/pillar/Documents/maker/ExchangeInterface.py[line:205] - INFO: Using symbol BTC/USD.
2018-11-16 16:36:32,800 - /Users/pillar/Documents/maker/ExchangeInterface.py[line:206] - INFO: Order Manager initializing, connecting to BitMEX. Live run: executing real trades.
2018-11-16 16:36:32,800 - /Users/pillar/Documents/maker/ExchangeInterface.py[line:217] - INFO: Reset status
2018-11-16 16:36:37,295 - /Users/pillar/Documents/maker/ExchangeInterface.py[line:235] - INFO: 当前 XBT 钱包: 0.009974
2018-11-16 16:36:39,343 - /Users/pillar/Documents/maker/ExchangeInterface.py[line:241] - INFO: 当前仓位: 458
2018-11-16 16:36:39,344 - /Users/pillar/Documents/maker/ExchangeInterface.py[line:248] - INFO: 平均成本价格: 5476
2018-11-16 16:36:39,344 - /Users/pillar/Documents/maker/ExchangeInterface.py[line:249] - INFO: 平均买入价格: 5476
2018-11-16 16:36:43,207 - /Users/pillar/Documents/maker/ST_ATR_Strategy.py[line:130] - DEBUG: 杠杆满仓 546.24637305
2018-11-16 16:36:53,222 - /Users/pillar/Documents/maker/ST_ATR_Strategy.py[line:80] - DEBUG: Check_Orders_Thread is running
2018-11-16 16:37:03,688 - /Users/pillar/Documents/maker/ST_ATR_Strategy.py[line:80] - DEBUG: Check_Orders_Thread is running
2018-11-16 16:37:14,112 - /Users/pillar/Documents/maker/ST_ATR_Strategy.py[line:80] - DEBUG: Check_Orders_Thread is running
2018-11-16 16:37:24,574 - /Users/pillar/Documents/maker/ST_ATR_Strategy.py[line:80] - DEBUG: Check_Orders_Thread is running
2018-11-16 16:37:32,304 - /Users/pillar/Documents/maker/ExchangeInterface.py[line:205] - INFO: Using symbol BTC/USD.
2018-11-16 16:37:32,305 - /Users/pillar/Documents/maker/ExchangeInterface.py[line:206] - INFO: Order Manager initializing, connecting to BitMEX. Live run: executing real trades.
2018-11-16 16:37:32,305 - /Users/pillar/Documents/maker/ExchangeInterface.py[line:217] - INFO: Reset status
2018-11-16 16:37:36,654 - /Users/pillar/Documents/maker/ExchangeInterface.py[line:235] - INFO: 当前 XBT 钱包: 0.009979
2018-11-16 16:37:38,663 - /Users/pillar/Documents/maker/ExchangeInterface.py[line:241] - INFO: 当前仓位: 458
2018-11-16 16:37:38,664 - /Users/pillar/Documents/maker/ExchangeInterface.py[line:248] - INFO: 平均成本价格: 5476
2018-11-16 16:37:38,664 - /Users/pillar/Documents/maker/ExchangeInterface.py[line:249] - INFO: 平均买入价格: 5476
2018-11-16 16:37:42,688 - /Users/pillar/Documents/maker/ST_ATR_Strategy.py[line:130] - DEBUG: 杠杆满仓 546.4441899
2018-11-16 16:37:52,704 - /Users/pillar/Documents/maker/ST_ATR_Strategy.py[line:80] - DEBUG: Check_Orders_Thread is running
2018-11-16 16:38:03,244 - /Users/pillar/Documents/maker/ST_ATR_Strategy.py[line:80] - DEBUG: Check_Orders_Thread is running
2018-11-16 16:49:40,545 - /Users/pillar/Documents/maker/ExchangeInterface.py[line:210] - INFO: Using symbol BTC/USD.
2018-11-16 16:49:40,546 - /Users/pillar/Documents/maker/ExchangeInterface.py[line:211] - INFO: Order Manager initializing, connecting to BitMEX. Live run: executing real trades.
2018-11-16 16:49:40,547 - /Users/pillar/Documents/maker/ExchangeInterface.py[line:222] - INFO: Reset status
2018-11-16 16:49:44,918 - /Users/pillar/Documents/maker/ExchangeInterface.py[line:240] - INFO: 当前 XBT 钱包: 0.009837
2018-11-16 16:49:47,020 - /Users/pillar/Documents/maker/ExchangeInterface.py[line:246] - INFO: 当前仓位: 458
2018-11-16 16:49:47,021 - /Users/pillar/Documents/maker/ExchangeInterface.py[line:253] - INFO: 平均成本价格: 5476
2018-11-16 16:49:47,021 - /Users/pillar/Documents/maker/ExchangeInterface.py[line:254] - INFO: 平均买入价格: 5476
2018-11-16 16:49:51,117 - /Users/pillar/Documents/maker/ST_ATR_Strategy.py[line:131] - DEBUG: 杠杆满仓 539.3610651
2018-11-16 16:50:01,133 - /Users/pillar/Documents/maker/ST_ATR_Strategy.py[line:80] - DEBUG: Check_Orders_Thread is running
2018-11-16 16:50:11,514 - /Users/pillar/Documents/maker/ST_ATR_Strategy.py[line:80] - DEBUG: Check_Orders_Thread is running
2018-11-16 16:55:30,731 - /Users/pillar/Documents/maker/ExchangeInterface.py[line:210] - INFO: Using symbol BTC/USD.
2018-11-16 16:55:30,731 - /Users/pillar/Documents/maker/ExchangeInterface.py[line:211] - INFO: Order Manager initializing, connecting to BitMEX. Live run: executing real trades.
2018-11-16 16:55:30,731 - /Users/pillar/Documents/maker/ExchangeInterface.py[line:222] - INFO: Reset status
2018-11-16 16:55:35,263 - /Users/pillar/Documents/maker/ExchangeInterface.py[line:240] - INFO: 当前 XBT 钱包: 0.010036
2018-11-16 16:55:37,214 - /Users/pillar/Documents/maker/ExchangeInterface.py[line:246] - INFO: 当前仓位: 468
2018-11-16 16:55:37,214 - /Users/pillar/Documents/maker/ExchangeInterface.py[line:253] - INFO: 平均成本价格: 5476
2018-11-16 16:55:37,215 - /Users/pillar/Documents/maker/ExchangeInterface.py[line:254] - INFO: 平均买入价格: 5476
2018-11-16 16:55:41,198 - /Users/pillar/Documents/maker/ST_ATR_Strategy.py[line:135] - DEBUG: 杠杆满仓 550.4255169
2018-11-16 16:55:51,210 - /Users/pillar/Documents/maker/ST_ATR_Strategy.py[line:80] - DEBUG: Check_Orders_Thread is running
2018-11-16 16:55:51,654 - /Users/pillar/Documents/maker/ST_ATR_Strategy.py[line:106] - DEBUG: Check_Orders_Thread is downing
2018-11-16 16:57:06,923 - /Users/pillar/Documents/maker/ExchangeInterface.py[line:276] - INFO: Shutting down. All open orders will be cancelled.
2018-11-16 16:57:13,102 - /Users/pillar/Documents/maker/ExchangeInterface.py[line:210] - INFO: Using symbol BTC/USD.
2018-11-16 16:57:13,103 - /Users/pillar/Documents/maker/ExchangeInterface.py[line:211] - INFO: Order Manager initializing, connecting to BitMEX. Live run: executing real trades.
2018-11-16 16:57:13,103 - /Users/pillar/Documents/maker/ExchangeInterface.py[line:222] - INFO: Reset status
2018-11-16 16:57:17,575 - /Users/pillar/Documents/maker/ExchangeInterface.py[line:240] - INFO: 当前 XBT 钱包: 0.010017
2018-11-16 16:57:19,476 - /Users/pillar/Documents/maker/ExchangeInterface.py[line:246] - INFO: 当前仓位: 468
2018-11-16 16:57:19,477 - /Users/pillar/Documents/maker/ExchangeInterface.py[line:253] - INFO: 平均成本价格: 5476
2018-11-16 16:57:19,477 - /Users/pillar/Documents/maker/ExchangeInterface.py[line:254] - INFO: 平均买入价格: 5476
2018-11-16 16:57:23,512 - /Users/pillar/Documents/maker/ST_ATR_Strategy.py[line:133] - DEBUG: 杠杆满仓 549.3358266
2018-11-16 16:57:33,527 - /Users/pillar/Documents/maker/ST_ATR_Strategy.py[line:80] - DEBUG: Check_Orders_Thread is running
2018-11-16 16:57:43,936 - /Users/pillar/Documents/maker/ST_ATR_Strategy.py[line:80] - DEBUG: Check_Orders_Thread is running
2018-11-16 16:59:01,275 - /Users/pillar/Documents/maker/ExchangeInterface.py[line:210] - INFO: Using symbol BTC/USD.
2018-11-16 16:59:01,275 - /Users/pillar/Documents/maker/ExchangeInterface.py[line:211] - INFO: Order Manager initializing, connecting to BitMEX. Live run: executing real trades.
2018-11-16 16:59:01,275 - /Users/pillar/Documents/maker/ExchangeInterface.py[line:222] - INFO: Reset status
2018-11-16 16:59:05,708 - /Users/pillar/Documents/maker/ExchangeInterface.py[line:240] - INFO: 当前 XBT 钱包: 0.010013
2018-11-16 16:59:07,758 - /Users/pillar/Documents/maker/ExchangeInterface.py[line:246] - INFO: 当前仓位: 468
2018-11-16 16:59:07,759 - /Users/pillar/Documents/maker/ExchangeInterface.py[line:253] - INFO: 平均成本价格: 5476
2018-11-16 16:59:07,759 - /Users/pillar/Documents/maker/ExchangeInterface.py[line:254] - INFO: 平均买入价格: 5476
2018-11-16 16:59:11,653 - /Users/pillar/Documents/maker/ST_ATR_Strategy.py[line:136] - DEBUG: 杠杆满仓 549.6427749000001
2018-11-16 16:59:21,666 - /Users/pillar/Documents/maker/ST_ATR_Strategy.py[line:80] - DEBUG: Check_Orders_Thread is running
2018-11-16 16:59:32,074 - /Users/pillar/Documents/maker/ST_ATR_Strategy.py[line:80] - DEBUG: Check_Orders_Thread is running
2018-11-16 17:55:29,729 - /Users/pillar/Documents/maker/ExchangeInterface.py[line:276] - INFO: Shutting down. All open orders will be cancelled.
2018-11-16 18:22:07,036 - /Users/pillar/Documents/maker/ExchangeInterface.py[line:208] - INFO: Using symbol BTC/USD.
2018-11-16 18:22:07,037 - /Users/pillar/Documents/maker/ExchangeInterface.py[line:209] - INFO: Order Manager initializing, connecting to BitMEX. Live run: executing real trades.
2018-11-16 18:22:07,038 - /Users/pillar/Documents/maker/ExchangeInterface.py[line:220] - INFO: Reset status
2018-11-16 18:22:07,038 - /Users/pillar/Documents/maker/ExchangeInterface.py[line:54] - INFO: Resetting current position. Canceling all existing orders.
2018-11-16 18:22:07,533 - /Users/pillar/Documents/maker/ExchangeInterface.py[line:41] - INFO: Canceling: sell 468.0 BTC/USD 5519.5
2018-11-16 18:22:16,085 - /Users/pillar/Documents/maker/ExchangeInterface.py[line:238] - INFO: 当前 XBT 钱包: 0.010438
2018-11-16 18:22:17,927 - /Users/pillar/Documents/maker/ExchangeInterface.py[line:244] - INFO: 当前仓位: 468
2018-11-16 18:22:17,928 - /Users/pillar/Documents/maker/ExchangeInterface.py[line:251] - INFO: 平均成本价格: 5476
2018-11-16 18:22:17,928 - /Users/pillar/Documents/maker/ExchangeInterface.py[line:252] - INFO: 平均买入价格: 5476
2018-11-16 18:22:22,024 - /Users/pillar/Documents/maker/ST_ATR_Strategy.py[line:144] - DEBUG: 杠杆满仓 571.059933
2018-11-16 18:22:27,962 - /Users/pillar/Documents/maker/ExchangeInterface.py[line:238] - INFO: 当前 XBT 钱包: 0.010401
2018-11-16 18:22:30,010 - /Users/pillar/Documents/maker/ExchangeInterface.py[line:244] - INFO: 当前仓位: 468
2018-11-16 18:22:30,010 - /Users/pillar/Documents/maker/ExchangeInterface.py[line:251] - INFO: 平均成本价格: 5476
2018-11-16 18:22:30,010 - /Users/pillar/Documents/maker/ExchangeInterface.py[line:252] - INFO: 平均买入价格: 5476
2018-11-16 18:22:34,109 - /Users/pillar/Documents/maker/ST_ATR_Strategy.py[line:144] - DEBUG: 杠杆满仓 570.2901198
2018-11-16 18:24:43,061 - /Users/pillar/Documents/maker/ExchangeInterface.py[line:274] - INFO: Shutting down. All open orders will be cancelled.
2018-11-16 18:24:43,062 - /Users/pillar/Documents/maker/ExchangeInterface.py[line:54] - INFO: Resetting current position. Canceling all existing orders.
2018-11-16 18:28:57,593 - /Users/pillar/Documents/maker/ExchangeInterface.py[line:208] - INFO: Using symbol BTC/USD.
2018-11-16 18:28:57,594 - /Users/pillar/Documents/maker/ExchangeInterface.py[line:209] - INFO: Order Manager initializing, connecting to BitMEX. Live run: executing real trades.
2018-11-16 18:28:57,594 - /Users/pillar/Documents/maker/ExchangeInterface.py[line:220] - INFO: Reset status
2018-11-16 18:28:57,594 - /Users/pillar/Documents/maker/ExchangeInterface.py[line:54] - INFO: Resetting current position. Canceling all existing orders.
2018-11-16 18:29:03,995 - /Users/pillar/Documents/maker/ExchangeInterface.py[line:238] - INFO: 当前 XBT 钱包: 0.010340
2018-11-16 18:29:04,106 - /Users/pillar/Documents/maker/ExchangeInterface.py[line:274] - INFO: Shutting down. All open orders will be cancelled.
2018-11-16 18:29:04,107 - /Users/pillar/Documents/maker/ExchangeInterface.py[line:54] - INFO: Resetting current position. Canceling all existing orders.
2018-11-16 10:54:27,341 - /root/OKEx-Maker/ExchangeInterface.py[line:208] - INFO: Using symbol BTC/USD.
2018-11-16 10:54:27,342 - /root/OKEx-Maker/ExchangeInterface.py[line:209] - INFO: Order Manager initializing, connecting to BitMEX. Live run: executing real trades.
2018-11-16 10:54:27,342 - /root/OKEx-Maker/ExchangeInterface.py[line:220] - INFO: Reset status
2018-11-16 10:54:27,342 - /root/OKEx-Maker/ExchangeInterface.py[line:54] - INFO: Resetting current position. Canceling all existing orders.
2018-11-16 10:54:33,647 - /root/OKEx-Maker/ExchangeInterface.py[line:238] - INFO: 当前 XBT 钱包: 0.010223
2018-11-16 10:54:35,645 - /root/OKEx-Maker/ExchangeInterface.py[line:244] - INFO: 当前仓位: 468
2018-11-16 10:54:35,646 - /root/OKEx-Maker/ExchangeInterface.py[line:251] - INFO: 平均成本价格: 5476
2018-11-16 10:54:35,646 - /root/OKEx-Maker/ExchangeInterface.py[line:252] - INFO: 平均买入价格: 5476
2018-11-16 10:54:39,652 - ST_ATR_Strategy.py[line:144] - DEBUG: 杠杆满仓 560.3858043
2018-11-16 10:54:45,656 - /root/OKEx-Maker/ExchangeInterface.py[line:238] - INFO: 当前 XBT 钱包: 0.010223
2018-11-16 10:54:47,658 - /root/OKEx-Maker/ExchangeInterface.py[line:244] - INFO: 当前仓位: 468
2018-11-16 10:54:47,659 - /root/OKEx-Maker/ExchangeInterface.py[line:251] - INFO: 平均成本价格: 5476
2018-11-16 10:54:47,659 - /root/OKEx-Maker/ExchangeInterface.py[line:252] - INFO: 平均买入价格: 5476
2018-11-16 10:54:51,674 - ST_ATR_Strategy.py[line:144] - DEBUG: 杠杆满仓 561.7197084000001
2018-11-16 11:03:57,366 - /root/OKEx-Maker/ExchangeInterface.py[line:208] - INFO: Using symbol BTC/USD.
2018-11-16 11:03:57,367 - /root/OKEx-Maker/ExchangeInterface.py[line:209] - INFO: Order Manager initializing, connecting to BitMEX. Live run: executing real trades.
2018-11-16 11:03:57,367 - /root/OKEx-Maker/ExchangeInterface.py[line:220] - INFO: Reset status
2018-11-16 11:03:57,367 - /root/OKEx-Maker/ExchangeInterface.py[line:54] - INFO: Resetting current position. Canceling all existing orders.
2018-11-16 11:04:03,984 - /root/OKEx-Maker/ExchangeInterface.py[line:238] - INFO: 当前 XBT 钱包: 0.010499
2018-11-16 11:04:05,985 - /root/OKEx-Maker/ExchangeInterface.py[line:244] - INFO: 当前仓位: 468
2018-11-16 11:04:05,986 - /root/OKEx-Maker/ExchangeInterface.py[line:251] - INFO: 平均成本价格: 5476
2018-11-16 11:04:05,986 - /root/OKEx-Maker/ExchangeInterface.py[line:252] - INFO: 平均买入价格: 5476
2018-11-16 11:04:10,012 - ST_ATR_Strategy.py[line:144] - DEBUG: 杠杆满仓 577.2537131999999
2018-11-16 11:04:16,046 - /root/OKEx-Maker/ExchangeInterface.py[line:238] - INFO: 当前 XBT 钱包: 0.010476
2018-11-16 11:04:17,999 - /root/OKEx-Maker/ExchangeInterface.py[line:244] - INFO: 当前仓位: 468
2018-11-16 11:04:18,000 - /root/OKEx-Maker/ExchangeInterface.py[line:251] - INFO: 平均成本价格: 5476
2018-11-16 11:04:18,000 - /root/OKEx-Maker/ExchangeInterface.py[line:252] - INFO: 平均买入价格: 5476
2018-11-16 11:04:22,000 - ST_ATR_Strategy.py[line:144] - DEBUG: 杠杆满仓 576.2814594
2018-11-16 11:04:25,225 - /root/OKEx-Maker/ExchangeInterface.py[line:274] - INFO: Shutting down. All open orders will be cancelled.
2018-11-16 11:04:25,226 - /root/OKEx-Maker/ExchangeInterface.py[line:54] - INFO: Resetting current position. Canceling all existing orders.
2018-11-16 11:05:11,984 - /root/OKEx-Maker/ExchangeInterface.py[line:208] - INFO: Using symbol BTC/USD.
2018-11-16 11:05:11,985 - /root/OKEx-Maker/ExchangeInterface.py[line:209] - INFO: Order Manager initializing, connecting to BitMEX. Live run: executing real trades.
2018-11-16 11:05:11,985 - /root/OKEx-Maker/ExchangeInterface.py[line:220] - INFO: Reset status
2018-11-16 11:05:11,985 - /root/OKEx-Maker/ExchangeInterface.py[line:54] - INFO: Resetting current position. Canceling all existing orders.
2018-11-16 11:05:18,558 - /root/OKEx-Maker/ExchangeInterface.py[line:238] - INFO: 当前 XBT 钱包: 0.010499
2018-11-16 11:05:20,559 - /root/OKEx-Maker/ExchangeInterface.py[line:244] - INFO: 当前仓位: 468
2018-11-16 11:05:20,560 - /root/OKEx-Maker/ExchangeInterface.py[line:251] - INFO: 平均成本价格: 5476
2018-11-16 11:05:20,560 - /root/OKEx-Maker/ExchangeInterface.py[line:252] - INFO: 平均买入价格: 5476
2018-11-16 11:05:24,569 - ST_ATR_Strategy.py[line:144] - DEBUG: 杠杆满仓 577.3587065999999
2018-11-16 11:05:30,581 - /root/OKEx-Maker/ExchangeInterface.py[line:238] - INFO: 当前 XBT 钱包: 0.010499
2018-11-16 11:05:32,577 - /root/OKEx-Maker/ExchangeInterface.py[line:244] - INFO: 当前仓位: 468
2018-11-16 11:05:32,577 - /root/OKEx-Maker/ExchangeInterface.py[line:251] - INFO: 平均成本价格: 5476
2018-11-16 11:05:32,578 - /root/OKEx-Maker/ExchangeInterface.py[line:252] - INFO: 平均买入价格: 5476
2018-11-16 11:05:36,581 - ST_ATR_Strategy.py[line:144] - DEBUG: 杠杆满仓 577.3587065999999
2018-11-16 11:07:15,758 - /root/OKEx-Maker/ExchangeInterface.py[line:274] - INFO: Shutting down. All open orders will be cancelled.
2018-11-16 11:07:15,758 - /root/OKEx-Maker/ExchangeInterface.py[line:54] - INFO: Resetting current position. Canceling all existing orders.
2018-11-16 11:07:26,884 - /root/OKEx-Maker/ExchangeInterface.py[line:208] - INFO: Using symbol BTC/USD.
2018-11-16 11:07:26,884 - /root/OKEx-Maker/ExchangeInterface.py[line:209] - INFO: Order Manager initializing, connecting to BitMEX. Live run: executing real trades.
2018-11-16 11:07:26,885 - /root/OKEx-Maker/ExchangeInterface.py[line:220] - INFO: Reset status
2018-11-16 11:07:26,885 - /root/OKEx-Maker/ExchangeInterface.py[line:54] - INFO: Resetting current position. Canceling all existing orders.
2018-11-16 11:07:33,408 - /root/OKEx-Maker/ExchangeInterface.py[line:238] - INFO: 当前 XBT 钱包: 0.010518
2018-11-16 11:07:35,413 - /root/OKEx-Maker/ExchangeInterface.py[line:244] - INFO: 当前仓位: 468
2018-11-16 11:07:35,413 - /root/OKEx-Maker/ExchangeInterface.py[line:251] - INFO: 平均成本价格: 5476
2018-11-16 11:07:35,413 - /root/OKEx-Maker/ExchangeInterface.py[line:252] - INFO: 平均买入价格: 5476
2018-11-16 11:07:39,420 - ST_ATR_Strategy.py[line:144] - DEBUG: 杠杆满仓 582.1425348
2018-11-16 11:07:45,422 - /root/OKEx-Maker/ExchangeInterface.py[line:238] - INFO: 当前 XBT 钱包: 0.010588
2018-11-16 11:07:47,424 - /root/OKEx-Maker/ExchangeInterface.py[line:244] - INFO: 当前仓位: 468
2018-11-16 11:07:47,424 - /root/OKEx-Maker/ExchangeInterface.py[line:251] - INFO: 平均成本价格: 5476
2018-11-16 11:07:47,424 - /root/OKEx-Maker/ExchangeInterface.py[line:252] - INFO: 平均买入价格: 5476
2018-11-16 11:07:51,425 - ST_ATR_Strategy.py[line:144] - DEBUG: 杠杆满仓 584.7155988
2018-11-16 11:50:04,227 - /root/OKEx-Maker/ExchangeInterface.py[line:208] - INFO: Using symbol BTC/USD.
2018-11-16 11:50:04,227 - /root/OKEx-Maker/ExchangeInterface.py[line:209] - INFO: Order Manager initializing, connecting to BitMEX. Live run: executing real trades.
2018-11-16 11:50:04,227 - /root/OKEx-Maker/ExchangeInterface.py[line:220] - INFO: Reset status
2018-11-16 11:50:04,228 - /root/OKEx-Maker/ExchangeInterface.py[line:54] - INFO: Resetting current position. Canceling all existing orders.
2018-11-16 11:50:10,504 - /root/OKEx-Maker/ExchangeInterface.py[line:238] - INFO: 当前 XBT 钱包: 0.010373
2018-11-16 11:50:12,509 - /root/OKEx-Maker/ExchangeInterface.py[line:244] - INFO: 当前仓位: 468
2018-11-16 11:50:12,509 - /root/OKEx-Maker/ExchangeInterface.py[line:251] - INFO: 平均成本价格: 5476
2018-11-16 11:50:12,509 - /root/OKEx-Maker/ExchangeInterface.py[line:252] - INFO: 平均买入价格: 5476
2018-11-16 11:50:16,508 - ST_ATR_Strategy.py[line:144] - DEBUG: 杠杆满仓 570.3583053000001
2018-11-16 11:50:22,515 - /root/OKEx-Maker/ExchangeInterface.py[line:238] - INFO: 当前 XBT 钱包: 0.010373
2018-11-16 11:50:24,513 - /root/OKEx-Maker/ExchangeInterface.py[line:244] - INFO: 当前仓位: 468
2018-11-16 11:50:24,513 - /root/OKEx-Maker/ExchangeInterface.py[line:251] - INFO: 平均成本价格: 5476
2018-11-16 11:50:24,514 - /root/OKEx-Maker/ExchangeInterface.py[line:252] - INFO: 平均买入价格: 5476
2018-11-16 11:50:28,517 - ST_ATR_Strategy.py[line:144] - DEBUG: 杠杆满仓 570.4101702
2018-11-16 11:55:32,825 - /root/OKEx-Maker/ExchangeInterface.py[line:238] - INFO: 当前 XBT 钱包: 0.010387
2018-11-16 11:55:34,823 - /root/OKEx-Maker/ExchangeInterface.py[line:244] - INFO: 当前仓位: 468
2018-11-16 11:55:34,823 - /root/OKEx-Maker/ExchangeInterface.py[line:251] - INFO: 平均成本价格: 5476
2018-11-16 11:55:34,824 - /root/OKEx-Maker/ExchangeInterface.py[line:252] - INFO: 平均买入价格: 5476
2018-11-16 11:55:38,828 - ST_ATR_Strategy.py[line:144] - DEBUG: 杠杆满仓 572.0131914000001
2018-11-16 12:00:43,152 - /root/OKEx-Maker/ExchangeInterface.py[line:238] - INFO: 当前 XBT 钱包: 0.010381
2018-11-16 12:00:45,180 - /root/OKEx-Maker/ExchangeInterface.py[line:244] - INFO: 当前仓位: 468
2018-11-16 12:00:45,181 - /root/OKEx-Maker/ExchangeInterface.py[line:251] - INFO: 平均成本价格: 5476
2018-11-16 12:00:45,181 - /root/OKEx-Maker/ExchangeInterface.py[line:252] - INFO: 平均买入价格: 5476
2018-11-16 12:00:49,159 - ST_ATR_Strategy.py[line:144] - DEBUG: 杠杆满仓 570.3609681
2018-11-16 12:05:53,436 - /root/OKEx-Maker/ExchangeInterface.py[line:238] - INFO: 当前 XBT 钱包: 0.010161
2018-11-16 12:05:55,435 - /root/OKEx-Maker/ExchangeInterface.py[line:244] - INFO: 当前仓位: 468
2018-11-16 12:05:55,435 - /root/OKEx-Maker/ExchangeInterface.py[line:251] - INFO: 平均成本价格: 5476
2018-11-16 12:05:55,436 - /root/OKEx-Maker/ExchangeInterface.py[line:252] - INFO: 平均买入价格: 5476
2018-11-16 12:05:59,443 - ST_ATR_Strategy.py[line:144] - DEBUG: 杠杆满仓 557.7672349000001
2018-11-16 12:11:03,799 - /root/OKEx-Maker/ExchangeInterface.py[line:238] - INFO: 当前 XBT 钱包: 0.010207
2018-11-16 12:11:05,799 - /root/OKEx-Maker/ExchangeInterface.py[line:244] - INFO: 当前仓位: 468
2018-11-16 12:11:05,800 - /root/OKEx-Maker/ExchangeInterface.py[line:251] - INFO: 平均成本价格: 5476
2018-11-16 12:11:05,800 - /root/OKEx-Maker/ExchangeInterface.py[line:252] - INFO: 平均买入价格: 5476
2018-11-16 12:11:09,804 - ST_ATR_Strategy.py[line:144] - DEBUG: 杠杆满仓 560.1832096
2018-11-16 12:16:14,073 - /root/OKEx-Maker/ExchangeInterface.py[line:238] - INFO: 当前 XBT 钱包: 0.010175
2018-11-16 12:16:16,072 - /root/OKEx-Maker/ExchangeInterface.py[line:244] - INFO: 当前仓位: 468
2018-11-16 12:16:16,073 - /root/OKEx-Maker/ExchangeInterface.py[line:251] - INFO: 平均成本价格: 5476
2018-11-16 12:16:16,073 - /root/OKEx-Maker/ExchangeInterface.py[line:252] - INFO: 平均买入价格: 5476
2018-11-16 12:16:20,096 - ST_ATR_Strategy.py[line:144] - DEBUG: 杠杆满仓 557.7672349000001
2018-11-16 14:06:00,065 - /root/OKEx-Maker/ExchangeInterface.py[line:208] - INFO: Using symbol BTC/USD.
2018-11-16 14:06:00,067 - /root/OKEx-Maker/ExchangeInterface.py[line:209] - INFO: Order Manager initializing, connecting to BitMEX. Live run: executing real trades.
2018-11-16 14:06:00,068 - /root/OKEx-Maker/ExchangeInterface.py[line:220] - INFO: Reset status
2018-11-16 14:06:00,068 - /root/OKEx-Maker/ExchangeInterface.py[line:54] - INFO: Resetting current position. Canceling all existing orders.
2018-11-16 14:06:06,406 - /root/OKEx-Maker/ExchangeInterface.py[line:238] - INFO: 当前 XBT 钱包: 0.010675
2018-11-16 14:06:08,409 - /root/OKEx-Maker/ExchangeInterface.py[line:244] - INFO: 当前仓位: 468
2018-11-16 14:06:08,410 - /root/OKEx-Maker/ExchangeInterface.py[line:251] - INFO: 平均成本价格: 5476
2018-11-16 14:06:08,410 - /root/OKEx-Maker/ExchangeInterface.py[line:252] - INFO: 平均买入价格: 5476
2018-11-16 14:06:12,413 - ST_ATR_Strategy.py[line:144] - DEBUG: 杠杆满仓 588.0021336000001
2018-11-16 14:06:18,416 - /root/OKEx-Maker/ExchangeInterface.py[line:238] - INFO: 当前 XBT 钱包: 0.010671
2018-11-16 14:06:20,419 - /root/OKEx-Maker/ExchangeInterface.py[line:244] - INFO: 当前仓位: 468
2018-11-16 14:06:20,420 - /root/OKEx-Maker/ExchangeInterface.py[line:251] - INFO: 平均成本价格: 5476
2018-11-16 14:06:20,420 - /root/OKEx-Maker/ExchangeInterface.py[line:252] - INFO: 平均买入价格: 5476
2018-11-16 14:06:24,424 - ST_ATR_Strategy.py[line:144] - DEBUG: 杠杆满仓 587.7443592000001
2018-11-16 14:11:28,706 - /root/OKEx-Maker/ExchangeInterface.py[line:238] - INFO: 当前 XBT 钱包: 0.010703
2018-11-16 14:11:30,706 - /root/OKEx-Maker/ExchangeInterface.py[line:244] - INFO: 当前仓位: 468
2018-11-16 14:11:30,707 - /root/OKEx-Maker/ExchangeInterface.py[line:251] - INFO: 平均成本价格: 5476
2018-11-16 14:11:30,707 - /root/OKEx-Maker/ExchangeInterface.py[line:252] - INFO: 平均买入价格: 5476
2018-11-16 14:11:34,706 - ST_ATR_Strategy.py[line:144] - DEBUG: 杠杆满仓 589.5487800000001
2018-11-16 14:16:38,995 - /root/OKEx-Maker/ExchangeInterface.py[line:238] - INFO: 当前 XBT 钱包: 0.010713
2018-11-16 14:16:41,028 - /root/OKEx-Maker/ExchangeInterface.py[line:244] - INFO: 当前仓位: 468
2018-11-16 14:16:41,028 - /root/OKEx-Maker/ExchangeInterface.py[line:251] - INFO: 平均成本价格: 5476
2018-11-16 14:16:41,029 - /root/OKEx-Maker/ExchangeInterface.py[line:252] - INFO: 平均买入价格: 5476
2018-11-16 14:16:44,997 - ST_ATR_Strategy.py[line:144] - DEBUG: 杠杆满仓 590.5798776000001
2018-11-16 14:21:49,295 - /root/OKEx-Maker/ExchangeInterface.py[line:238] - INFO: 当前 XBT 钱包: 0.010666
2018-11-16 14:21:51,294 - /root/OKEx-Maker/ExchangeInterface.py[line:244] - INFO: 当前仓位: 468
2018-11-16 14:21:51,295 - /root/OKEx-Maker/ExchangeInterface.py[line:251] - INFO: 平均成本价格: 5476
2018-11-16 14:21:51,295 - /root/OKEx-Maker/ExchangeInterface.py[line:252] - INFO: 平均买入价格: 5476
2018-11-16 14:21:55,297 - ST_ATR_Strategy.py[line:144] - DEBUG: 杠杆满仓 585.9848596
2018-11-16 14:26:59,563 - /root/OKEx-Maker/ExchangeInterface.py[line:238] - INFO: 当前 XBT 钱包: 0.010558
2018-11-16 14:27:01,562 - /root/OKEx-Maker/ExchangeInterface.py[line:244] - INFO: 当前仓位: 468
2018-11-16 14:27:01,563 - /root/OKEx-Maker/ExchangeInterface.py[line:251] - INFO: 平均成本价格: 5476
2018-11-16 14:27:01,563 - /root/OKEx-Maker/ExchangeInterface.py[line:252] - INFO: 平均买入价格: 5476
2018-11-16 14:27:05,570 - ST_ATR_Strategy.py[line:144] - DEBUG: 杠杆满仓 581.241021
2018-11-16 14:32:09,869 - /root/OKEx-Maker/ExchangeInterface.py[line:238] - INFO: 当前 XBT 钱包: 0.010502
2018-11-16 14:32:11,873 - /root/OKEx-Maker/ExchangeInterface.py[line:244] - INFO: 当前仓位: 468
2018-11-16 14:32:11,873 - /root/OKEx-Maker/ExchangeInterface.py[line:251] - INFO: 平均成本价格: 5476
2018-11-16 14:32:11,873 - /root/OKEx-Maker/ExchangeInterface.py[line:252] - INFO: 平均买入价格: 5476
2018-11-16 14:32:15,874 - ST_ATR_Strategy.py[line:144] - DEBUG: 杠杆满仓 577.0570355
2018-11-16 14:37:20,152 - /root/OKEx-Maker/ExchangeInterface.py[line:238] - INFO: 当前 XBT 钱包: 0.010563
2018-11-16 14:37:22,156 - /root/OKEx-Maker/ExchangeInterface.py[line:244] - INFO: 当前仓位: 468
2018-11-16 14:37:22,157 - /root/OKEx-Maker/ExchangeInterface.py[line:251] - INFO: 平均成本价格: 5476
2018-11-16 14:37:22,157 - /root/OKEx-Maker/ExchangeInterface.py[line:252] - INFO: 平均买入价格: 5476
2018-11-16 14:37:26,158 - ST_ATR_Strategy.py[line:144] - DEBUG: 杠杆满仓 580.9176845
2018-11-16 14:42:30,465 - /root/OKEx-Maker/ExchangeInterface.py[line:238] - INFO: 当前 XBT 钱包: 0.010516
2018-11-16 14:42:32,461 - /root/OKEx-Maker/ExchangeInterface.py[line:244] - INFO: 当前仓位: 468
2018-11-16 14:42:32,462 - /root/OKEx-Maker/ExchangeInterface.py[line:251] - INFO: 平均成本价格: 5476
2018-11-16 14:42:32,462 - /root/OKEx-Maker/ExchangeInterface.py[line:252] - INFO: 平均买入价格: 5476
2018-11-16 14:42:36,465 - ST_ATR_Strategy.py[line:144] - DEBUG: 杠杆满仓 580.0265265
2018-11-16 14:47:40,801 - /root/OKEx-Maker/ExchangeInterface.py[line:238] - INFO: 当前 XBT 钱包: 0.010638
2018-11-16 14:47:42,801 - /root/OKEx-Maker/ExchangeInterface.py[line:244] - INFO: 当前仓位: 468
2018-11-16 14:47:42,801 - /root/OKEx-Maker/ExchangeInterface.py[line:251] - INFO: 平均成本价格: 5476
2018-11-16 14:47:42,801 - /root/OKEx-Maker/ExchangeInterface.py[line:252] - INFO: 平均买入价格: 5476
2018-11-16 14:47:46,805 - ST_ATR_Strategy.py[line:144] - DEBUG: 杠杆满仓 589.114316
2018-11-16 14:52:51,129 - /root/OKEx-Maker/ExchangeInterface.py[line:238] - INFO: 当前 XBT 钱包: 0.010699
2018-11-16 14:52:53,136 - /root/OKEx-Maker/ExchangeInterface.py[line:244] - INFO: 当前仓位: 468
2018-11-16 14:52:53,136 - /root/OKEx-Maker/ExchangeInterface.py[line:251] - INFO: 平均成本价格: 5476
2018-11-16 14:52:53,136 - /root/OKEx-Maker/ExchangeInterface.py[line:252] - INFO: 平均买入价格: 5476
2018-11-16 14:52:57,135 - ST_ATR_Strategy.py[line:144] - DEBUG: 杠杆满仓 590.1469112
2018-11-16 14:58:01,419 - /root/OKEx-Maker/ExchangeInterface.py[line:238] - INFO: 当前 XBT 钱包: 0.010680
2018-11-16 14:58:03,392 - /root/OKEx-Maker/ExchangeInterface.py[line:244] - INFO: 当前仓位: 468
2018-11-16 14:58:03,392 - /root/OKEx-Maker/ExchangeInterface.py[line:251] - INFO: 平均成本价格: 5476
2018-11-16 14:58:03,393 - /root/OKEx-Maker/ExchangeInterface.py[line:252] - INFO: 平均买入价格: 5476
2018-11-16 14:58:07,400 - ST_ATR_Strategy.py[line:144] - DEBUG: 杠杆满仓 589.0609155000001
2018-11-16 15:03:11,712 - /root/OKEx-Maker/ExchangeInterface.py[line:238] - INFO: 当前 XBT 钱包: 0.010596
2018-11-16 15:03:13,708 - /root/OKEx-Maker/ExchangeInterface.py[line:244] - INFO: 当前仓位: 468
2018-11-16 15:03:13,708 - /root/OKEx-Maker/ExchangeInterface.py[line:251] - INFO: 平均成本价格: 5476
2018-11-16 15:03:13,709 - /root/OKEx-Maker/ExchangeInterface.py[line:252] - INFO: 平均买入价格: 5476
2018-11-16 15:03:17,726 - ST_ATR_Strategy.py[line:144] - DEBUG: 杠杆满仓 583.2340739
2018-11-16 15:08:22,025 - /root/OKEx-Maker/ExchangeInterface.py[line:238] - INFO: 当前 XBT 钱包: 0.010652
2018-11-16 15:08:24,016 - /root/OKEx-Maker/ExchangeInterface.py[line:244] - INFO: 当前仓位: 468
2018-11-16 15:08:24,017 - /root/OKEx-Maker/ExchangeInterface.py[line:251] - INFO: 平均成本价格: 5476
2018-11-16 15:08:24,017 - /root/OKEx-Maker/ExchangeInterface.py[line:252] - INFO: 平均买入价格: 5476
2018-11-16 15:08:28,019 - ST_ATR_Strategy.py[line:144] - DEBUG: 杠杆满仓 588.4175848
2018-11-16 15:13:32,352 - /root/OKEx-Maker/ExchangeInterface.py[line:238] - INFO: 当前 XBT 钱包: 0.010661
2018-11-16 15:13:34,353 - /root/OKEx-Maker/ExchangeInterface.py[line:244] - INFO: 当前仓位: 468
2018-11-16 15:13:34,353 - /root/OKEx-Maker/ExchangeInterface.py[line:251] - INFO: 平均成本价格: 5476
2018-11-16 15:13:34,354 - /root/OKEx-Maker/ExchangeInterface.py[line:252] - INFO: 平均买入价格: 5476
2018-11-16 15:13:38,353 - ST_ATR_Strategy.py[line:144] - DEBUG: 杠杆满仓 588.9346311999999
2018-11-16 15:18:42,632 - /root/OKEx-Maker/ExchangeInterface.py[line:238] - INFO: 当前 XBT 钱包: 0.010661
2018-11-16 15:18:44,632 - /root/OKEx-Maker/ExchangeInterface.py[line:244] - INFO: 当前仓位: 468
2018-11-16 15:18:44,632 - /root/OKEx-Maker/ExchangeInterface.py[line:251] - INFO: 平均成本价格: 5476
2018-11-16 15:18:44,632 - /root/OKEx-Maker/ExchangeInterface.py[line:252] - INFO: 平均买入价格: 5476
2018-11-16 15:18:48,644 - ST_ATR_Strategy.py[line:144] - DEBUG: 杠杆满仓 589.1023759999999
2018-11-16 15:23:52,908 - /root/OKEx-Maker/ExchangeInterface.py[line:238] - INFO: 当前 XBT 钱包: 0.010399
2018-11-16 15:23:54,910 - /root/OKEx-Maker/ExchangeInterface.py[line:244] - INFO: 当前仓位: 468
2018-11-16 15:23:54,910 - /root/OKEx-Maker/ExchangeInterface.py[line:251] - INFO: 平均成本价格: 5476
2018-11-16 15:23:54,911 - /root/OKEx-Maker/ExchangeInterface.py[line:252] - INFO: 平均买入价格: 5476
2018-11-16 15:23:58,915 - ST_ATR_Strategy.py[line:144] - DEBUG: 杠杆满仓 575.4452655
2018-11-16 15:29:03,165 - /root/OKEx-Maker/ExchangeInterface.py[line:238] - INFO: 当前 XBT 钱包: 0.010395
2018-11-16 15:29:05,167 - /root/OKEx-Maker/ExchangeInterface.py[line:244] - INFO: 当前仓位: 468
2018-11-16 15:29:05,168 - /root/OKEx-Maker/ExchangeInterface.py[line:251] - INFO: 平均成本价格: 5476
2018-11-16 15:29:05,168 - /root/OKEx-Maker/ExchangeInterface.py[line:252] - INFO: 平均买入价格: 5476
2018-11-16 15:29:09,168 - ST_ATR_Strategy.py[line:144] - DEBUG: 杠杆满仓 575.4461632
2018-11-16 15:34:13,423 - /root/OKEx-Maker/ExchangeInterface.py[line:238] - INFO: 当前 XBT 钱包: 0.010535
2018-11-16 15:34:15,432 - /root/OKEx-Maker/ExchangeInterface.py[line:244] - INFO: 当前仓位: 468
2018-11-16 15:34:15,432 - /root/OKEx-Maker/ExchangeInterface.py[line:251] - INFO: 平均成本价格: 5476
2018-11-16 15:34:15,432 - /root/OKEx-Maker/ExchangeInterface.py[line:252] - INFO: 平均买入价格: 5476
2018-11-16 15:34:19,429 - ST_ATR_Strategy.py[line:144] - DEBUG: 杠杆满仓 579.1627245000001
2018-11-16 15:39:23,702 - /root/OKEx-Maker/ExchangeInterface.py[line:238] - INFO: 当前 XBT 钱包: 0.010484
2018-11-16 15:39:25,713 - /root/OKEx-Maker/ExchangeInterface.py[line:244] - INFO: 当前仓位: 468
2018-11-16 15:39:25,714 - /root/OKEx-Maker/ExchangeInterface.py[line:251] - INFO: 平均成本价格: 5476
2018-11-16 15:39:25,714 - /root/OKEx-Maker/ExchangeInterface.py[line:252] - INFO: 平均买入价格: 5476
2018-11-16 15:39:29,707 - ST_ATR_Strategy.py[line:144] - DEBUG: 杠杆满仓 577.0140416
2018-11-16 15:44:33,969 - /root/OKEx-Maker/ExchangeInterface.py[line:238] - INFO: 当前 XBT 钱包: 0.010371
2018-11-16 15:44:35,970 - /root/OKEx-Maker/ExchangeInterface.py[line:244] - INFO: 当前仓位: 468
2018-11-16 15:44:35,970 - /root/OKEx-Maker/ExchangeInterface.py[line:251] - INFO: 平均成本价格: 5476
2018-11-16 15:44:35,970 - /root/OKEx-Maker/ExchangeInterface.py[line:252] - INFO: 平均买入价格: 5476
2018-11-16 15:44:40,065 - ST_ATR_Strategy.py[line:144] - DEBUG: 杠杆满仓 561.4518064
2018-11-16 15:44:41,992 - /root/OKEx-Maker/ExchangeInterface.py[line:274] - INFO: Shutting down. All open orders will be cancelled.
2018-11-16 15:44:41,992 - /root/OKEx-Maker/ExchangeInterface.py[line:54] - INFO: Resetting current position. Canceling all existing orders.
